(---------------------------------------------------------------------)
(                                                                     )
(    NC DRILL Log                                                     )
(                                                                     )
(    Drawing          : VCO.brd                                       )
(    Software Version : 17.2S013                                      )
(    Date/Time        : Wed May 08 23:19:52 2019                      )
(                                                                     )
(---------------------------------------------------------------------)



 Processing NC Parameters file 'nc_param.txt' ...

 NC PARAMETERS
 -------------

 FORMAT   		5.5
 MACHINE-OFFSET		x:0.00000	y:0.00000   (mm)
 FEEDRATE		1
 COORDINATES		ABSOLUTE
 OUTPUT-UNITS		METRIC
 TOOL-ORDER		INCREASING
 REPEAT-CODES		YES
 SUPPRESS-LEAD-ZEROES	NO
 SUPPRESS-TRAIL-ZEROES	YES
 SUPPRESS-EQUAL		NO
 TOOL-SELECT		YES
 HEADER			none
 LEADER			12
 CODE			ASCII
 SEPARATE		NO
 SEPARATE-ROUTING	NO
 OPTIMIZE_DRILLING	YES
 ENHANCED_EXCELLON	YES
 SCALE			1.000000

 WARNING(SPMHMF-368): Cannot find NC Drill tool file 'nc_tools.txt'
 WARNING(SPMHMF-369): ... will auto-generate tool file 'nc_tools_auto.txt'.


     Auto-generating tool file 'nc_tools_auto.txt' ...

           Size  Plating  Tool        + Tolerance  - Tolerance

         0.3302  P        T01            0.000000     0.000000
         0.6350  P        T02            0.000000     0.000000
         0.7874  P        T03            0.000000     0.000000
         0.9144  P        T04            0.000000     0.000000


Drill files being output to directory 'C:/Users/Usuario/Documents/Orcad/Diseño no lineal/VCO/allegro' ...



     'VCO-1-2.drl' created for holes connecting TOP and BOTTOM
     ---------------------------------------------------------

     Tool  Num     Size      +/- Tolerance     Plating   Quantity

     T01    1.   0.3302    0.0000/  0.0000      PLATED         55
     T02    2.   0.6350    0.0000/  0.0000      PLATED          8
     T03    3.   0.7874    0.0000/  0.0000      PLATED          3
     T04    4.   0.9144    0.0000/  0.0000      PLATED         10

     ---- Total holes:                                         76

     ---- Total head travel:              2.76 feet (0.84 meters)

